<?xml version="1.0" encoding="UTF-8"?>
<!-- Generated by org.testng.reporters.JUnitReportReporter -->
<testsuite hostname="LAPTOP-6NAOBEK0" failures="0" tests="2" name="test_cases.Custdetails" time="3.522" errors="1" timestamp="2022-01-01T11:51:11 IST" skipped="1">
  <testcase classname="test_cases.Custdetails" name="setup" time="3.522">
    <error message="&#039;java.lang.String org.apache.commons.io.IOUtils.toString(java.io.InputStream, java.nio.charset.Charset)&#039;" type="java.lang.NoSuchMethodError">
      <![CDATA[java.lang.NoSuchMethodError: 'java.lang.String org.apache.commons.io.IOUtils.toString(java.io.InputStream, java.nio.charset.Charset)'
at io.github.bonigarcia.wdm.Shell.runAndWaitNoLog(Shell.java:66)
at io.github.bonigarcia.wdm.Shell.runAndWaitArray(Shell.java:56)
at io.github.bonigarcia.wdm.Shell.runAndWait(Shell.java:50)
at io.github.bonigarcia.wdm.WebDriverManager.getDefaultBrowserVersion(WebDriverManager.java:1150)
at io.github.bonigarcia.wdm.ChromeDriverManager.getBrowserVersion(ChromeDriverManager.java:103)
at io.github.bonigarcia.wdm.WebDriverManager.detectDriverVersionFromBrowser(WebDriverManager.java:558)
at io.github.bonigarcia.wdm.WebDriverManager.manage(WebDriverManager.java:494)
at io.github.bonigarcia.wdm.WebDriverManager.setup(WebDriverManager.java:260)
at test_cases.BaseClass.setup(BaseClass.java:35)
at java.base/jdk.internal.reflect.NativeMethodAccessorImpl.invoke0(Native Method)
at java.base/jdk.internal.reflect.NativeMethodAccessorImpl.invoke(NativeMethodAccessorImpl.java:77)
at java.base/jdk.internal.reflect.DelegatingMethodAccessorImpl.invoke(DelegatingMethodAccessorImpl.java:43)
at java.base/java.lang.reflect.Method.invoke(Method.java:568)
at org.testng.internal.MethodInvocationHelper.invokeMethod(MethodInvocationHelper.java:134)
at org.testng.internal.MethodInvocationHelper.invokeMethodConsideringTimeout(MethodInvocationHelper.java:63)
at org.testng.internal.ConfigInvoker.invokeConfigurationMethod(ConfigInvoker.java:348)
at org.testng.internal.ConfigInvoker.invokeConfigurations(ConfigInvoker.java:302)
at org.testng.internal.TestMethodWorker.invokeBeforeClassMethods(TestMethodWorker.java:176)
at org.testng.internal.TestMethodWorker.run(TestMethodWorker.java:122)
at java.base/java.util.ArrayList.forEach(ArrayList.java:1511)
at org.testng.TestRunner.privateRun(TestRunner.java:766)
at org.testng.TestRunner.run(TestRunner.java:587)
at org.testng.SuiteRunner.runTest(SuiteRunner.java:384)
at org.testng.SuiteRunner.runSequentially(SuiteRunner.java:378)
at org.testng.SuiteRunner.privateRun(SuiteRunner.java:337)
at org.testng.SuiteRunner.run(SuiteRunner.java:286)
at org.testng.SuiteRunnerWorker.runSuite(SuiteRunnerWorker.java:53)
at org.testng.SuiteRunnerWorker.run(SuiteRunnerWorker.java:96)
at org.testng.TestNG.runSuitesSequentially(TestNG.java:1187)
at org.testng.TestNG.runSuitesLocally(TestNG.java:1109)
at org.testng.TestNG.runSuites(TestNG.java:1039)
at org.testng.TestNG.run(TestNG.java:1007)
at org.testng.remote.AbstractRemoteTestNG.run(AbstractRemoteTestNG.java:115)
at org.testng.remote.RemoteTestNG.initAndRun(RemoteTestNG.java:251)
at org.testng.remote.RemoteTestNG.main(RemoteTestNG.java:77)
]]>
    </error>
  </testcase> <!-- setup -->
  <system-out/>
  <testcase classname="test_cases.Custdetails" name="cust" time="0.000">
    <skipped/>
  </testcase> <!-- cust -->
  <system-out/>
</testsuite> <!-- test_cases.Custdetails -->
